<?xml version="1.0" encoding="UTF-8"?>
<testsuite name="com.example.cashcard.CashCardJsonTest" tests="2" skipped="0" failures="0" errors="0" timestamp="2024-08-21T01:02:18" hostname="Aniruddhas-MacBook-Air-2.local" time="0.558">
  <properties/>
  <testcase name="cashCardSerializationTest()" classname="com.example.cashcard.CashCardJsonTest" time="0.539"/>
  <testcase name="cashCardDeserializationTest()" classname="com.example.cashcard.CashCardJsonTest" time="0.016"/>
  <system-out><![CDATA[21:02:17.929 [Test worker] INFO org.springframework.test.context.support.AnnotationConfigContextLoaderUtils -- Could not detect default configuration classes for test class [com.example.cashcard.CashCardJsonTest]: CashCardJsonTest does not declare any static, non-private, non-final, nested classes annotated with @Configuration.
21:02:18.007 [Test worker] INFO org.springframework.boot.test.context.SpringBootTestContextBootstrapper -- Found @SpringBootConfiguration com.example.cashcard.CashcardApplication for test class com.example.cashcard.CashCardJsonTest

  .   ____          _            __ _ _
 /\\ / ___'_ __ _ _(_)_ __  __ _ \ \ \ \
( ( )\___ | '_ | '_| | '_ \/ _` | \ \ \ \
 \\/  ___)| |_)| | | | | || (_| |  ) ) ) )
  '  |____| .__|_| |_|_| |_\__, | / / / /
 =========|_|==============|___/=/_/_/_/

 :: Spring Boot ::       (v3.3.3-SNAPSHOT)

2024-08-20T21:02:18.270-04:00  INFO 17713 --- [cashcard] [    Test worker] com.example.cashcard.CashCardJsonTest    : Starting CashCardJsonTest using Java 22.0.2 with PID 17713 (started by ashivan in /Users/ashivan/Desktop/work_space/cashcard)
2024-08-20T21:02:18.272-04:00  INFO 17713 --- [cashcard] [    Test worker] com.example.cashcard.CashCardJsonTest    : No active profile set, falling back to 1 default profile: "default"
2024-08-20T21:02:18.528-04:00  INFO 17713 --- [cashcard] [    Test worker] com.example.cashcard.CashCardJsonTest    : Started CashCardJsonTest in 0.482 seconds (process running for 1.068)
]]></system-out>
  <system-err><![CDATA[WARNING: A Java agent has been loaded dynamically (/Users/ashivan/.gradle/caches/modules-2/files-2.1/net.bytebuddy/byte-buddy-agent/1.14.19/154da3a65b4f4a909d3e5bdec55d1b2b4cbb6ce1/byte-buddy-agent-1.14.19.jar)
WARNING: If a serviceability tool is in use, please run with -XX:+EnableDynamicAgentLoading to hide this warning
WARNING: If a serviceability tool is not in use, please run with -Djdk.instrument.traceUsage for more information
WARNING: Dynamic loading of agents will be disallowed by default in a future release
]]></system-err>
</testsuite>
