<?xml version="1.0" encoding="UTF-8"?>
<testsuite name="com.example.cashcard.CashcardApplicationTests" tests="1" skipped="0" failures="0" errors="0" timestamp="2024-08-18T19:04:00" hostname="Aniruddhas-Air.lan" time="0.344">
  <properties/>
  <testcase name="contextLoads()" classname="com.example.cashcard.CashcardApplicationTests" time="0.344"/>
  <system-out><![CDATA[15:04:00.342 [Test worker] INFO org.springframework.test.context.support.AnnotationConfigContextLoaderUtils -- Could not detect default configuration classes for test class [com.example.cashcard.CashcardApplicationTests]: CashcardApplicationTests does not declare any static, non-private, non-final, nested classes annotated with @Configuration.
15:04:00.378 [Test worker] INFO org.springframework.boot.test.context.SpringBootTestContextBootstrapper -- Found @SpringBootConfiguration com.example.cashcard.CashcardApplication for test class com.example.cashcard.CashcardApplicationTests

  .   ____          _            __ _ _
 /\\ / ___'_ __ _ _(_)_ __  __ _ \ \ \ \
( ( )\___ | '_ | '_| | '_ \/ _` | \ \ \ \
 \\/  ___)| |_)| | | | | || (_| |  ) ) ) )
  '  |____| .__|_| |_|_| |_\__, | / / / /
 =========|_|==============|___/=/_/_/_/

 :: Spring Boot ::       (v3.3.3-SNAPSHOT)

2024-08-18T15:04:00.506-04:00  INFO 11030 --- [cashcard] [    Test worker] c.e.cashcard.CashcardApplicationTests    : Starting CashcardApplicationTests using Java 22.0.2 with PID 11030 (started by ashivan in /Users/ashivan/Desktop/cashcard)
2024-08-18T15:04:00.506-04:00  INFO 11030 --- [cashcard] [    Test worker] c.e.cashcard.CashcardApplicationTests    : No active profile set, falling back to 1 default profile: "default"
2024-08-18T15:04:00.805-04:00  INFO 11030 --- [cashcard] [    Test worker] c.e.cashcard.CashcardApplicationTests    : Started CashcardApplicationTests in 0.389 seconds (process running for 0.775)
]]></system-out>
  <system-err><![CDATA[WARNING: A Java agent has been loaded dynamically (/Users/ashivan/.gradle/caches/modules-2/files-2.1/net.bytebuddy/byte-buddy-agent/1.14.19/154da3a65b4f4a909d3e5bdec55d1b2b4cbb6ce1/byte-buddy-agent-1.14.19.jar)
WARNING: If a serviceability tool is in use, please run with -XX:+EnableDynamicAgentLoading to hide this warning
WARNING: If a serviceability tool is not in use, please run with -Djdk.instrument.traceUsage for more information
WARNING: Dynamic loading of agents will be disallowed by default in a future release
]]></system-err>
</testsuite>
